<?xml version="1.0" encoding="UTF-8"?>
<!-- Generated by org.testng.reporters.JUnitReportReporter -->
<testsuite hostname="PRIJOSH" failures="0" tests="1" name="testScript.HomeTest" time="12.098" errors="0" timestamp="2025-08-04T19:09:08 GST" skipped="0">
  <testcase classname="testScript.HomeTest" name="verifyWhetherUserIsAbleToSuccessfullyLogout" time="12.098"/>
</testsuite> <!-- testScript.HomeTest -->
