<?xml version="1.0" encoding="UTF-8"?>
<!-- Generated by org.testng.reporters.JUnitReportReporter -->
<testsuite hostname="PRIJOSH" failures="0" tests="1" name="testScript.LoginTest" time="4.122" errors="0" timestamp="2025-08-07T19:34:48 GST" skipped="0">
  <testcase classname="testScript.LoginTest" name="verifyLoginWithValidUsernameInvalidPassword" time="4.122"/>
</testsuite> <!-- testScript.LoginTest -->
