<?xml version="1.0" encoding="UTF-8"?>
<!-- Generated by org.testng.reporters.JUnitReportReporter -->
<testsuite hostname="PRIJOSH" failures="0" tests="1" name="testScript.AdminUsersTest" time="11.168" errors="0" timestamp="2025-08-07T04:06:24 GST" skipped="0">
  <testcase classname="testScript.AdminUsersTest" name="verifyWhetherUserIsAbleToReset" time="11.168"/>
</testsuite> <!-- testScript.AdminUsersTest -->
