<?xml version="1.0" encoding="UTF-8"?>
<!-- Generated by org.testng.reporters.JUnitReportReporter -->
<testsuite hostname="PRIJOSH" failures="0" tests="4" name="testScript.LoginTest" time="12.738" errors="0" timestamp="2025-08-01T19:25:36 GST" skipped="0">
  <testcase classname="testScript.LoginTest" name="verifyLoginWithInvalidUsernameAndPassword" time="3.006"/>
  <testcase classname="testScript.LoginTest" name="verifyUserLoginWithValidCredentials" time="3.080"/>
  <testcase classname="testScript.LoginTest" name="verifyLoginWithIncorrectUsernameValidPassword" time="3.619"/>
  <testcase classname="testScript.LoginTest" name="verifyLoginWithValidUsernameInvalidPassword" time="3.033"/>
</testsuite> <!-- testScript.LoginTest -->
