<?xml version="1.0" encoding="UTF-8"?>
<!-- Generated by org.testng.reporters.JUnitReportReporter -->
<testsuite hostname="PRIJOSH" failures="0" tests="1" name="testScript.LoginTest" time="5.055" errors="0" timestamp="2025-08-07T03:33:56 GST" skipped="0">
  <testcase classname="testScript.LoginTest" name="verifyLoginWithValidUsernameInvalidPassword" time="5.055"/>
</testsuite> <!-- testScript.LoginTest -->
