<?xml version="1.0" encoding="UTF-8"?>
<!-- Generated by org.testng.reporters.JUnitReportReporter -->
<testsuite hostname="PRIJOSH" failures="0" tests="1" name="testScript.AdminUsersTest" time="16.231" errors="0" timestamp="2025-08-07T19:28:29 GST" skipped="0">
  <testcase classname="testScript.AdminUsersTest" name="verifyWhetherUserIsAbleToCreateNewUser" time="16.231"/>
</testsuite> <!-- testScript.AdminUsersTest -->
